#
# There is insufficient memory for the Java Runtime Environment to continue.
# Native memory allocation (mmap) failed to map 199229440 bytes for G1 virtual space
# Possible reasons:
#   The system is out of physical RAM or swap space
#   The process is running with CompressedOops enabled, and the Java Heap may be blocking the growth of the native heap
# Possible solutions:
#   Reduce memory load on the system
#   Increase physical memory or swap space
#   Check if swap backing store is full
#   Decrease Java heap size (-Xmx/-Xms)
#   Decrease number of Java threads
#   Decrease Java thread stack sizes (-Xss)
#   Set larger code cache with -XX:ReservedCodeCacheSize=
#   JVM is running with Zero Based Compressed Oops mode in which the Java heap is
#     placed in the first 32GB address space. The Java Heap base address is the
#     maximum limit for the native heap growth. Please use -XX:HeapBaseMinAddress
#     to set the Java Heap base and to place the Java Heap above 32GB virtual address.
# This output file may be truncated or incomplete.
#
#  Out of Memory Error (os_windows.cpp:3527), pid=272, tid=12488
#
# JRE version:  (19.0.1+10) (build )
# Java VM: Java HotSpot(TM) 64-Bit Server VM (19.0.1+10-21, mixed mode, sharing, tiered, compressed oops, compressed class ptrs, g1 gc, windows-amd64)
# No core dump will be written. Minidumps are not enabled by default on client versions of Windows
#

---------------  S U M M A R Y ------------

Command Line: --enable-preview -XX:+ShowCodeDetailsInExceptionMessages FoodManagement

Host: Intel(R) Core(TM) i3-10110U CPU @ 2.10GHz, 4 cores, 11G,  Windows 10 , 64 bit Build 19041 (10.0.19041.2788)
Time: Sat Apr 15 16:09:41 2023 Afr. centrale Ouest elapsed time: 0.027406 seconds (0d 0h 0m 0s)

---------------  T H R E A D  ---------------

Current thread (0x000001a414ecac60):  JavaThread "Unknown thread" [_thread_in_vm, id=12488, stack(0x0000004ea8c00000,0x0000004ea8d00000)]

Stack: [0x0000004ea8c00000,0x0000004ea8d00000]
Native frames: (J=compiled Java code, j=interpreted, Vv=VM code, C=native code)
V  [jvm.dll+0x6ee8fa]
V  [jvm.dll+0x857a1e]
V  [jvm.dll+0x85940e]
V  [jvm.dll+0x859ac3]
V  [jvm.dll+0x28291f]
V  [jvm.dll+0x6eb6e9]
V  [jvm.dll+0x6e028a]
V  [jvm.dll+0x357136]
V  [jvm.dll+0x35eb96]
V  [jvm.dll+0x3b555e]
V  [jvm.dll+0x3b578f]
V  [jvm.dll+0x32c6ea]
V  [jvm.dll+0x32d59e]
V  [jvm.dll+0x821b20]
V  [jvm.dll+0x3c27c1]
V  [jvm.dll+0x8022f1]
V  [jvm.dll+0x44b30f]
V  [jvm.dll+0x44cc91]
C  [jli.dll+0x5287]
C  [ucrtbase.dll+0x21bb2]
C  [KERNEL32.DLL+0x17604]
C  [ntdll.dll+0x526a1]


---------------  P R O C E S S  ---------------

Threads class SMR info:
_java_thread_list=0x00007ff96f3cd048, length=0, elements={
}

Java Threads: ( => current thread )

Other Threads:
  0x000001a414f292e0 WorkerThread "GC Thread#0" [stack: 0x0000004ea8d00000,0x0000004ea8e00000] [id=13444]
  0x000001a414f36160 ConcurrentGCThread "G1 Main Marker" [stack: 0x0000004ea8e00000,0x0000004ea8f00000] [id=720]
  0x000001a414f374d0 WorkerThread "G1 Conc#0" [stack: 0x0000004ea8f00000,0x0000004ea9000000] [id=2020]

[error occurred during error reporting (printing all threads), id 0xc0000005, EXCEPTION_ACCESS_VIOLATION (0xc0000005) at pc=0x00007ff96eb8d127]

VM state: not at safepoint (not fully initialized)

VM Mutex/Monitor currently owned by a thread:  ([mutex/lock_event])
[0x000001a414eb31e0] Heap_lock - owner thread: 0x000001a414ecac60

Heap address: 0x0000000742800000, size: 3032 MB, Compressed Oops mode: Zero based, Oop shift amount: 3

CDS archive(s) mapped at: [0x0000000000000000-0x0000000000000000-0x0000000000000000), size 0, SharedBaseAddress: 0x0000000800000000, ArchiveRelocationMode: 0.
Narrow klass base: 0x0000000000000000, Narrow klass shift: 0, Narrow klass range: 0x0

GC Precious Log:
 CardTable entry size: 512
 Card Set container configuration: InlinePtr #cards 4 size 8 Array Of Cards #cards 16 size 48 Howl #buckets 8 coarsen threshold 3686 Howl Bitmap #cards 512 size 80 coarsen threshold 460 Card regions per heap region 1 cards per card region 4096

Heap:
 garbage-first heap   total 0K, used 0K [0x0000000742800000, 0x0000000800000000)
  region size 2048K, 0 young (0K), 0 survivors (0K)

[error occurred during error reporting (printing heap information), id 0xc0000005, EXCEPTION_ACCESS_VIOLATION (0xc0000005) at pc=0x00007ff96ef96959]

GC Heap History (0 events):
No events

Dll operation events (1 events):
Event: 0.021 Loaded shared library C:\Program Files\Java\jdk-19\bin\java.dll

Deoptimization events (0 events):
No events

Classes loaded (0 events):
No events

Classes unloaded (0 events):
No events

Classes redefined (0 events):
No events

Internal exceptions (0 events):
No events

VM Operations (0 events):
No events

Events (0 events):
No events


Dynamic libraries:
0x00007ff6ae440000 - 0x00007ff6ae450000 	C:\Program Files\Java\jdk-19\bin\java.exe
0x00007ff9c2e50000 - 0x00007ff9c3048000 	C:\Windows\SYSTEM32\ntdll.dll
0x00007ff9c1860000 - 0x00007ff9c191f000 	C:\Windows\System32\KERNEL32.DLL
0x00007ff9c0830000 - 0x00007ff9c0b0a000 	C:\Windows\System32\KERNELBASE.dll
0x00007ff9c0730000 - 0x00007ff9c0830000 	C:\Windows\System32\ucrtbase.dll
0x00007ff9ba360000 - 0x00007ff9ba378000 	C:\Program Files\Java\jdk-19\bin\jli.dll
0x00007ff9c28f0000 - 0x00007ff9c299e000 	C:\Windows\System32\ADVAPI32.dll
0x00007ff9c1240000 - 0x00007ff9c12de000 	C:\Windows\System32\msvcrt.dll
0x00007ff9c17c0000 - 0x00007ff9c185c000 	C:\Windows\System32\sechost.dll
0x00007ff9c13d0000 - 0x00007ff9c14f6000 	C:\Windows\System32\RPCRT4.dll
0x00007ff9c0e80000 - 0x00007ff9c101d000 	C:\Windows\System32\USER32.dll
0x00007ff9c0630000 - 0x00007ff9c0652000 	C:\Windows\System32\win32u.dll
0x00007ff9c10d0000 - 0x00007ff9c10fb000 	C:\Windows\System32\GDI32.dll
0x00007ff9c0c70000 - 0x00007ff9c0d80000 	C:\Windows\System32\gdi32full.dll
0x00007ff9c0660000 - 0x00007ff9c06fd000 	C:\Windows\System32\msvcp_win.dll
0x00007ff9b7e40000 - 0x00007ff9b7e5b000 	C:\Program Files\Java\jdk-19\bin\VCRUNTIME140.dll
0x00007ff9a5b00000 - 0x00007ff9a5d9a000 	C:\Windows\WinSxS\amd64_microsoft.windows.common-controls_6595b64144ccf1df_6.0.19041.1110_none_60b5254171f9507e\COMCTL32.dll
0x00007ff9b6820000 - 0x00007ff9b682a000 	C:\Windows\SYSTEM32\VERSION.dll
0x00007ff9c29a0000 - 0x00007ff9c29d0000 	C:\Windows\System32\IMM32.DLL
0x00007ff9ba350000 - 0x00007ff9ba35c000 	C:\Program Files\Java\jdk-19\bin\vcruntime140_1.dll
0x00007ff988550000 - 0x00007ff9885de000 	C:\Program Files\Java\jdk-19\bin\msvcp140.dll
0x00007ff96e850000 - 0x00007ff96f510000 	C:\Program Files\Java\jdk-19\bin\server\jvm.dll
0x00007ff9a7ca0000 - 0x00007ff9a7cc7000 	C:\Windows\SYSTEM32\WINMM.dll
0x00007ff99c130000 - 0x00007ff99c139000 	C:\Windows\SYSTEM32\WSOCK32.dll
0x00007ff9c1920000 - 0x00007ff9c198b000 	C:\Windows\System32\WS2_32.dll
0x00007ff9be590000 - 0x00007ff9be5a2000 	C:\Windows\SYSTEM32\kernel.appcore.dll
0x00007ff9b7e30000 - 0x00007ff9b7e3a000 	C:\Program Files\Java\jdk-19\bin\jimage.dll
0x00007ff9ba810000 - 0x00007ff9ba9f4000 	C:\Windows\SYSTEM32\DBGHELP.DLL
0x00007ff9ac710000 - 0x00007ff9ac744000 	C:\Windows\SYSTEM32\dbgcore.DLL
0x00007ff9c0530000 - 0x00007ff9c05b2000 	C:\Windows\System32\bcryptPrimitives.dll
0x00007ff9b7e00000 - 0x00007ff9b7e26000 	C:\Program Files\Java\jdk-19\bin\java.dll

dbghelp: loaded successfully - version: 4.0.5 - missing functions: none
symbol engine: initialized successfully - sym options: 0x614 - pdb path: .;C:\Program Files\Java\jdk-19\bin;C:\Windows\SYSTEM32;C:\Windows\WinSxS\amd64_microsoft.windows.common-controls_6595b64144ccf1df_6.0.19041.1110_none_60b5254171f9507e;C:\Program Files\Java\jdk-19\bin\server

VM Arguments:
jvm_args: --enable-preview -XX:+ShowCodeDetailsInExceptionMessages 
java_command: FoodManagement
java_class_path (initial): C:\Users\Asus\Desktop\2ème\tp\java\s2\bd\java_bd\bin;c:\Users\Asus\Desktop\2ème\tp\java\s2\bd\ojdbc11_g.jar
Launcher Type: SUN_STANDARD

[Global flags]
     intx CICompilerCount                          = 3                                         {product} {ergonomic}
     uint ConcGCThreads                            = 1                                         {product} {ergonomic}
     uint G1ConcRefinementThreads                  = 4                                         {product} {ergonomic}
   size_t G1HeapRegionSize                         = 2097152                                   {product} {ergonomic}
    uintx GCDrainStackTargetSize                   = 64                                        {product} {ergonomic}
   size_t InitialHeapSize                          = 199229440                                 {product} {ergonomic}
   size_t MarkStackSize                            = 4194304                                   {product} {ergonomic}
   size_t MaxHeapSize                              = 3179282432                                {product} {ergonomic}
   size_t MinHeapDeltaBytes                        = 2097152                                   {product} {ergonomic}
   size_t MinHeapSize                              = 8388608                                   {product} {ergonomic}
    uintx NonNMethodCodeHeapSize                   = 5832780                                {pd product} {ergonomic}
    uintx NonProfiledCodeHeapSize                  = 122912730                              {pd product} {ergonomic}
    uintx ProfiledCodeHeapSize                     = 122912730                              {pd product} {ergonomic}
    uintx ReservedCodeCacheSize                    = 251658240                              {pd product} {ergonomic}
     bool SegmentedCodeCache                       = true                                      {product} {ergonomic}
     bool ShowCodeDetailsInExceptionMessages       = true                                   {manageable} {command line}
   size_t SoftMaxHeapSize                          = 3179282432                             {manageable} {ergonomic}
     bool UseCompressedClassPointers               = true                           {product lp64_product} {ergonomic}
     bool UseCompressedOops                        = true                           {product lp64_product} {ergonomic}
     bool UseG1GC                                  = true                                      {product} {ergonomic}
     bool UseLargePagesIndividualAllocation        = false                                  {pd product} {ergonomic}

Logging:
Log output configuration:
 #0: stdout all=warning uptime,level,tags foldmultilines=false
 #1: stderr all=off uptime,level,tags foldmultilines=false

Environment Variables:
JAVA_HOME=C:\Program Files\Java\jdk-19
PATH=C:\oraclexe\dbhomeXE\bin;C:\Program Files\Eclipse Adoptium\jdk-17.0.4.101-hotspot\bin;C:\Program Files\Common Files\Oracle\Java\javapath;C:\oraclexe\app\oracle\product\11.2.0\server\bin;C:\Windows\system32;C:\Windows;C:\Windows\System32\Wbem;C:\Windows\System32\WindowsPowerShell\v1.0\;C:\Windows\System32\OpenSSH\;C:\Program Files\Microsoft VS Code\bin;C:\Program Files\Git\cmd;C:\Users\Asus\AppData\Roaming\Python\Python37\Scripts;C:\Program Files (x86)\dotnet\;C:\Program Files\Java\jdk-19\bin;C:\Users\Asus\Desktop\2ème\projet java\interface\opencsv-4.1.jar;;C:\Program Files\Docker\Docker\resources\bin;C:\Program Files\nodejs\;C:\oraclexe\app\oracle\product\11.2.0\server\bin;C:\Windows\system32;C:\Windows;C:\Windows\System32\Wbem;C:\Windows\System32\WindowsPowerShell\v1.0\;C:\Windows\System32\OpenSSH\;C:\Program Files\Microsoft VS Code\bin;C:\Program Files\Git\cmd;C:\Users\Asus\AppData\Roaming\Python\Python37\Scripts;C:\Users\Asus\AppData\Local\Microsoft\WindowsApps;C:\MinGW\bin;C:Python39Scripts;C:\Users\Asus\AppData\Roaming\Python\Python37;C:\Users\Asus\AppData\Local\Packages\PythonSoftwareFoundation.Python.3.10_qbz5n2kfra8p0\LocalCache\local-packages\Python310\Scripts;C:\Users\Asus\AppData\Local\Packages\PythonSoftwareFoundation.Python.3.10_qbz5n2kfra8p0\LocalCache\local-packages\Python310\Scripts;C:\Program Files\Java\jdk-19;C:\Users\Asus\AppData\Roaming\npm;C:\Program Files\nodejs;;C:\Program Files\JetBrains\DataGrip 2023.1\bin;
USERNAME=Asus
LANG=en_US.UTF-8
OS=Windows_NT
PROCESSOR_IDENTIFIER=Intel64 Family 6 Model 142 Stepping 12, GenuineIntel
TMP=C:\Users\Asus\AppData\Local\Temp
TEMP=C:\Users\Asus\AppData\Local\Temp



---------------  S Y S T E M  ---------------

OS:
 Windows 10 , 64 bit Build 19041 (10.0.19041.2788)
OS uptime: 0 days 2:39 hours
Hyper-V role detected

CPU: total 4 (initial active 4) (2 cores per cpu, 2 threads per core) family 6 model 142 stepping 12 microcode 0xea, cx8, cmov, fxsr, ht, mmx, 3dnowpref, sse, sse2, sse3, ssse3, sse4.1, sse4.2, popcnt, lzcnt, tsc, tscinvbit, avx, avx2, aes, erms, clmul, bmi1, bmi2, adx, fma, vzeroupper, clflush, clflushopt, hv, rdtscp

Memory: 4k page, system-wide physical 12125M (1529M free)
TotalPageFile size 12125M (AvailPageFile size 132M)
current process WorkingSet (physical memory assigned to process): 10M, peak: 10M
current process commit charge ("private bytes"): 51M, peak: 241M

vm_info: Java HotSpot(TM) 64-Bit Server VM (19.0.1+10-21) for windows-amd64 JRE (19.0.1+10-21), built on 2022-09-14T12:45:06Z by "mach5one" with MS VC++ 17.1 (VS2022)

END.
